[debug] [2020-03-30T14:02:34.788Z] ----------------------------------------------------------------------
[debug] [2020-03-30T14:02:34.792Z] Command:       /Users/kilianso/.nvm/versions/node/v10.16.0/bin/node /Users/kilianso/.nvm/versions/node/v10.16.0/bin/firebase deploy
[debug] [2020-03-30T14:02:34.792Z] CLI Version:   7.11.0
[debug] [2020-03-30T14:02:34.792Z] Platform:      darwin
[debug] [2020-03-30T14:02:34.792Z] Node Version:  v10.16.0
[debug] [2020-03-30T14:02:34.799Z] Time:          Mon Mar 30 2020 16:02:34 GMT+0200 (Central European Summer Time)
[debug] [2020-03-30T14:02:34.799Z] ----------------------------------------------------------------------
[debug] [2020-03-30T14:02:34.799Z] 
[debug] [2020-03-30T14:02:34.813Z] > command requires scopes: ["email","openid","https://www.googleapis.com/auth/cloudplatformprojects.readonly","https://www.googleapis.com/auth/firebase","https://www.googleapis.com/auth/cloud-platform"]
[debug] [2020-03-30T14:02:34.813Z] > authorizing via signed-in user
[debug] [2020-03-30T14:02:34.813Z] [iam] checking project refill-the-shelf for permissions ["datastore.indexes.create","datastore.indexes.delete","datastore.indexes.list","datastore.indexes.update","firebase.projects.get","firebasehosting.sites.update"]
[debug] [2020-03-30T14:02:34.815Z] > refreshing access token with scopes: ["email","https://www.googleapis.com/auth/cloud-platform","https://www.googleapis.com/auth/cloudplatformprojects.readonly","https://www.googleapis.com/auth/firebase","openid"]
[debug] [2020-03-30T14:02:34.815Z] >>> HTTP REQUEST POST https://www.googleapis.com/oauth2/v3/token  
 <request body omitted>
[debug] [2020-03-30T14:02:35.121Z] <<< HTTP RESPONSE 200
[debug] [2020-03-30T14:02:35.148Z] >>> HTTP REQUEST POST https://cloudresourcemanager.googleapis.com/v1/projects/refill-the-shelf:testIamPermissions  

[debug] [2020-03-30T14:02:36.068Z] <<< HTTP RESPONSE 200
[debug] [2020-03-30T14:02:36.070Z] >>> HTTP REQUEST GET https://firebase.googleapis.com/v1beta1/projects/refill-the-shelf  
 
[debug] [2020-03-30T14:02:36.369Z] <<< HTTP RESPONSE 200
[info] 
[info] === Deploying to 'refill-the-shelf'...
[info] 
[info] i  deploying firestore, hosting
[info] i  firestore: reading indexes from firestore.indexes.json...
[info] i  cloud.firestore: checking firestore.rules for compilation errors...
[debug] [2020-03-30T14:02:36.380Z] >>> HTTP REQUEST POST https://firebaserules.googleapis.com/v1/projects/refill-the-shelf:test  

[debug] [2020-03-30T14:02:36.680Z] <<< HTTP RESPONSE 200
[info] ✔  cloud.firestore: rules file firestore.rules compiled successfully
[debug] [2020-03-30T14:02:36.683Z] >>> HTTP REQUEST POST https://firebasehosting.googleapis.com/v1beta1/sites/refill-the-shelf/versions  

